2026-03-09 20:24:35,771 | INFO | Using split files: {'train': 'E:\\Antigravity_Code\\ViT_proj_ku_ar\\data\\train.csv', 'val': 'E:\\Antigravity_Code\\ViT_proj_ku_ar\\data\\val.csv', 'test': 'E:\\Antigravity_Code\\ViT_proj_ku_ar\\data\\test.csv'}
2026-03-09 20:24:35,783 | INFO | Resolved device: cuda
2026-03-09 21:12:27,219 | INFO | epoch=1 train loss=0.1914 acc=0.9180
2026-03-09 21:14:12,806 | INFO | Using split files: {'train': 'E:\\Antigravity_Code\\ViT_proj_ku_ar\\data\\train.csv', 'val': 'E:\\Antigravity_Code\\ViT_proj_ku_ar\\data\\val.csv', 'test': 'E:\\Antigravity_Code\\ViT_proj_ku_ar\\data\\test.csv'}
2026-03-09 21:14:12,817 | INFO | Resolved device: cuda
2026-03-09 21:24:52,740 | INFO | epoch=1 train loss=0.1569 acc=0.9338
2026-03-09 21:33:17,083 | INFO | val loss=1.7099 acc=0.6847 macro_f1=0.6768
2026-03-09 21:43:59,190 | INFO | epoch=2 train loss=0.0710 acc=0.9717
2026-03-09 21:47:22,222 | INFO | val loss=1.2898 acc=0.7446 macro_f1=0.7438
2026-03-09 21:58:28,025 | INFO | epoch=3 train loss=0.0460 acc=0.9820
2026-03-09 22:01:48,161 | INFO | val loss=1.6105 acc=0.7602 macro_f1=0.7601
2026-03-09 22:13:03,659 | INFO | epoch=4 train loss=0.0339 acc=0.9864
2026-03-09 22:15:00,504 | INFO | val loss=2.0732 acc=0.7195 macro_f1=0.7172
2026-03-09 22:24:14,759 | INFO | epoch=5 train loss=0.0265 acc=0.9892
2026-03-09 22:26:10,974 | INFO | val loss=1.7955 acc=0.7193 macro_f1=0.7193
2026-03-09 22:35:20,471 | INFO | epoch=6 train loss=0.0206 acc=0.9916
2026-03-09 22:37:18,557 | INFO | val loss=2.4894 acc=0.7011 macro_f1=0.6988
2026-03-09 22:37:18,557 | INFO | Early stopping triggered after epoch 6.
2026-03-09 22:37:18,562 | INFO | Best checkpoint saved to E:\Antigravity_Code\ViT_proj_ku_ar\outputs\vit_baseline\checkpoints\best.pt
2026-03-09 22:37:18,709 | INFO | Loaded best checkpoint from epoch 3
2026-03-09 22:46:37,500 | INFO | test loss=1.5428 acc=0.7318 macro_f1=0.7304
